[debug] [2020-11-09T15:04:22.163Z] ----------------------------------------------------------------------
[debug] [2020-11-09T15:04:22.165Z] Command:       C:\Program Files\nodejs\node.exe C:\Users\Deepa Ankit\AppData\Roaming\npm\node_modules\firebase-tools\lib\bin\firebase.js deploy
[debug] [2020-11-09T15:04:22.166Z] CLI Version:   8.10.0
[debug] [2020-11-09T15:04:22.166Z] Platform:      win32
[debug] [2020-11-09T15:04:22.166Z] Node Version:  v12.17.0
[debug] [2020-11-09T15:04:22.167Z] Time:          Mon Nov 09 2020 20:34:22 GMT+0530 (India Standard Time)
[debug] [2020-11-09T15:04:22.168Z] ----------------------------------------------------------------------
[debug] [2020-11-09T15:04:22.168Z] 
[debug] [2020-11-09T15:04:22.177Z] > command requires scopes: ["email","openid","https://www.googleapis.com/auth/cloudplatformprojects.readonly","https://www.googleapis.com/auth/firebase","https://www.googleapis.com/auth/cloud-platform"]
[debug] [2020-11-09T15:04:22.177Z] > authorizing via signed-in user
[debug] [2020-11-09T15:04:22.178Z] [iam] checking project datalytix-e5ead for permissions ["firebase.projects.get","firebasehosting.sites.update"]
[debug] [2020-11-09T15:04:22.181Z] >>> HTTP REQUEST POST https://cloudresourcemanager.googleapis.com/v1/projects/datalytix-e5ead:testIamPermissions  
 {"permissions":["firebase.projects.get","firebasehosting.sites.update"]}
[debug] [2020-11-09T15:04:24.193Z] <<< HTTP RESPONSE 200 {"content-type":"application/json; charset=UTF-8","vary":"X-Origin, Referer, Origin,Accept-Encoding","date":"Mon, 09 Nov 2020 15:04:24 GMT","server":"ESF","cache-control":"private","x-xss-protection":"0","x-frame-options":"SAMEORIGIN","x-content-type-options":"nosniff","server-timing":"gfet4t7; dur=1271","alt-svc":"h3-Q050=\":443\"; ma=2592000,h3-29=\":443\"; ma=2592000,h3-T051=\":443\"; ma=2592000,h3-T050=\":443\"; ma=2592000,h3-Q046=\":443\"; ma=2592000,h3-Q043=\":443\"; ma=2592000,quic=\":443\"; ma=2592000; v=\"46,43\"","accept-ranges":"none","transfer-encoding":"chunked"}
[debug] [2020-11-09T15:04:24.199Z] >>> HTTP REQUEST GET https://firebase.googleapis.com/v1beta1/projects/datalytix-e5ead  
 
[debug] [2020-11-09T15:04:45.927Z] Server Error. connect ETIMEDOUT 216.58.200.138:443
[debug] [2020-11-09T15:04:46.453Z] FirebaseError: Server Error. connect ETIMEDOUT 216.58.200.138:443
    at Request._callback (C:\Users\Deepa Ankit\AppData\Roaming\npm\node_modules\firebase-tools\lib\api.js:32:31)
    at self.callback (C:\Users\Deepa Ankit\AppData\Roaming\npm\node_modules\firebase-tools\node_modules\request\request.js:185:22)
    at Request.emit (events.js:315:20)
    at Request.EventEmitter.emit (domain.js:482:12)
    at Request.onRequestError (C:\Users\Deepa Ankit\AppData\Roaming\npm\node_modules\firebase-tools\node_modules\request\request.js:877:8)
    at ClientRequest.emit (events.js:327:22)
    at ClientRequest.EventEmitter.emit (domain.js:482:12)
    at TLSSocket.socketErrorListener (_http_client.js:426:9)
    at TLSSocket.emit (events.js:315:20)
    at TLSSocket.EventEmitter.emit (domain.js:482:12)
    at emitErrorNT (internal/streams/destroy.js:92:8)
    at emitErrorAndCloseNT (internal/streams/destroy.js:60:3)
    at processTicksAndRejections (internal/process/task_queues.js:84:21)
[error] 
[error] Error: Failed to get Firebase project datalytix-e5ead. Please make sure the project exists and your account has permission to access it.
